%!Adobe-FontList 1.20
%Locale:0x412

%BeginFont
Handler:DirectoryHandler
FontType:CID
FontName:Pretendard-Regular
FamilyName:Pretendard
StyleName:Regular
FullName:Pretendard Regular
MenuName:Pretendard
StyleBits:0
FamilyNameNative:Pretendard
StyleNameNative:Regular
FullNameNative:Pretendard Regular
WritingScript:Korean
OutlineFileName:C:\Users\std\Desktop\0802\dyson\Font\Pretendard-Regular.otf
DataFormat:sfntData
isCFF:yes
hasSVG:no
VariableFontType:NonVariableFont
FileLength:1654020
FileModTime:1690447564
WeightClass:400
WidthClass:5
AngleClass:0
NameArray:0,Mac,4,Pretendard Regular
NameArray:0,Win,1,Pretendard
NameArray:0,Win,16,Pretendard
%EndFont

